2024/03/19 19:15:07 Error: Invalid login credentials.
2024/03/19 23:25:10 Error: dial tcp: lookup smtp-relay.brevo.com on 127.0.0.53:53: server misbehaving
2024/03/20 00:33:14 Error: token contains an invalid number of segments
2024/03/20 00:35:57 Error: 501 5.5.2 Was expecting RCPT arg syntax of TO:<address>
2024/03/20 00:36:35 Error: 501 5.5.2 Was expecting RCPT arg syntax of TO:<address>
2024/03/20 00:36:46 Error: 502 5.5.1 Missing RCPT TO command.
2024/03/20 00:49:17 Error: 501 5.5.2 Was expecting RCPT arg syntax of TO:<address>
2024/03/20 00:49:41 Error: 501 5.5.2 Was expecting RCPT arg syntax of TO:<address>
2024/03/20 00:49:57 Error: 502 5.5.1 Missing RCPT TO command.
2024/03/20 00:50:53 Error: 501 5.5.2 Was expecting RCPT arg syntax of TO:<address>
2024/03/20 00:51:17 Error: 501 5.5.2 Was expecting RCPT arg syntax of TO:<address>
2024/03/20 00:51:28 Error: 502 5.5.1 Missing RCPT TO command.
2024/03/20 00:51:33 Error: token contains an invalid number of segments
2024/03/20 08:27:29 Error: SQL logic error: no such table: configs (1)
2024/03/20 08:27:29 Error: SQL logic error: no such table: configs (1)
2024/03/20 08:27:29 Error: SQL logic error: no such table: configs (1)
2024/03/20 08:31:06 Error: SQL logic error: no such table: configs (1)
2024/03/20 08:31:06 Error: SQL logic error: no such table: configs (1)
2024/03/20 08:31:06 Error: SQL logic error: no such table: configs (1)
2024/03/20 08:31:11 Error: SQL logic error: no such table: activeHours (1)
2024/03/20 08:31:11 Error: SQL logic error: no such table: countries (1)
2024/03/20 08:31:11 Error: SQL logic error: no such table: blog (1)
2024/03/20 08:31:11 Error: SQL logic error: no such table: faqs (1)
2024/03/20 08:31:11 Error: SQL logic error: no such table: services (1)
2024/03/20 08:31:30 Error: SQL logic error: no such table: activeHours (1)
2024/03/20 08:31:30 Error: SQL logic error: no such table: countries (1)
2024/03/20 08:32:30 Error: SQL logic error: no such table: activeHours (1)
2024/03/20 08:32:30 Error: SQL logic error: no such table: countries (1)
2024/03/20 08:32:31 Error: SQL logic error: no such table: blog (1)
2024/03/20 08:32:31 Error: SQL logic error: no such table: faqs (1)
2024/03/20 08:32:31 Error: SQL logic error: no such table: services (1)
2024/03/20 08:35:39 Error: SQL logic error: no such table: activeHours (1)
2024/03/20 08:35:39 Error: SQL logic error: no such table: countries (1)
2024/03/20 08:35:40 Error: SQL logic error: no such table: services (1)
2024/03/20 08:35:40 Error: SQL logic error: no such table: blog (1)
2024/03/20 08:35:40 Error: SQL logic error: no such table: faqs (1)
2024/03/20 08:35:41 Error: SQL logic error: no such table: activeHours (1)
2024/03/20 08:35:41 Error: SQL logic error: no such table: countries (1)
2024/03/20 08:35:41 Error: SQL logic error: no such table: blog (1)
2024/03/20 08:35:41 Error: SQL logic error: no such table: faqs (1)
2024/03/20 08:35:41 Error: SQL logic error: no such table: services (1)
2024/03/20 08:37:52 &{0xc00089a900 0xc000094ae0 0x2d44160  0xc000670078 [] map[] map[execStart:{13940547366208949817 405991709216 0x2d5f880}] 0xc00044b320 {{0 0} 0 0 {{} 0} {{} 0}}}
2024/03/20 08:37:52 Error: Not Found.
2024/03/20 08:37:55 Error: SQL logic error: no such table: activeHours (1)
2024/03/20 08:37:55 Error: SQL logic error: no such table: countries (1)
2024/03/20 08:37:55 Error: SQL logic error: no such table: faqs (1)
2024/03/20 08:37:55 Error: SQL logic error: no such table: services (1)
2024/03/20 08:37:55 Error: SQL logic error: no such table: blog (1)
2024/03/20 08:38:00 Error: SQL logic error: no such table: activeHours (1)
2024/03/20 08:38:00 Error: SQL logic error: no such table: countries (1)
2024/03/20 08:38:01 Error: SQL logic error: no such table: activeHours (1)
2024/03/20 08:38:01 Error: SQL logic error: no such table: countries (1)
2024/03/20 08:38:04 Error: Invalid login credentials.
2024/03/20 08:38:07 Error: SQL logic error: no such table: activeHours (1)
2024/03/20 08:38:07 Error: SQL logic error: no such table: countries (1)
2024/03/20 08:38:26 Error: SQL logic error: no such table: activeHours (1)
2024/03/20 08:38:26 Error: SQL logic error: no such table: countries (1)
2024/03/20 08:38:40 Error: SQL logic error: no such table: activeHours (1)
2024/03/20 08:38:40 Error: SQL logic error: no such table: countries (1)
2024/03/20 08:38:40 Error: SQL logic error: no such table: services (1)
2024/03/20 08:38:40 Error: SQL logic error: no such table: blog (1)
2024/03/20 08:38:40 Error: SQL logic error: no such table: faqs (1)
2024/03/20 08:38:53 &{0xc000b94000 0xc0001a2780 0x2d44160  0xc0001906f0 [] map[] map[execStart:{13940547431609721883 466894230028 0x2d5f880}] 0xc00044b320 {{0 0} 0 0 {{} 0} {{} 0}}}
2024/03/20 08:38:53 Error: Not Found.
2024/03/20 08:38:58 &{0xc000b94240 0xc0001a2780 0x2d44160  0xc0001906f0 [] map[] map[execStart:{13940547436588733339 471504532374 0x2d5f880}] 0xc00044b320 {{0 0} 0 0 {{} 0} {{} 0}}}
2024/03/20 08:38:58 Error: Not Found.
2024/03/20 08:39:59 &{0xc001481c20 0xc000094c60 0xc000522550 /api/admins 0xc0009ec030 [] map[] map[execStart:{13940547502313433509 532730981260 0x2d5f880} requestInfo:0xc000b9a500] 0xc00044b320 {{0 0} 0 0 {{} 0} {{} 0}}}
2024/03/20 08:39:59 Error: The request requires valid admin authorization token to be set.
2024/03/20 08:41:40 Error: SQL logic error: no such table: activeHours (1)
2024/03/20 08:41:40 Error: SQL logic error: no such table: countries (1)
2024/03/20 08:41:41 Error: SQL logic error: no such table: blog (1)
2024/03/20 08:41:41 Error: SQL logic error: no such table: faqs (1)
2024/03/20 08:41:41 Error: SQL logic error: no such table: services (1)
2024/03/20 08:44:38 Error: Invalid login credentials.
